Using pre-set license
Built from '2020.2/release' branch; Version is '2020.2.1f1 (270dd8c3da1c) revision 2559448'; Using compiler version '192528614'; Build Type 'Release'
OS: 'Windows 7  (6.1.0) 64bit' Language: 'en' Physical Memory: 8141 MB
BatchMode: 1, IsHumanControllingUs: 0, StartBugReporterOnCrash: 0, Is64bit: 1, IsPro: 0

 COMMAND LINE ARGUMENTS:
C:\Program Files\Unity\Hub\Editor\2020.2.1f1\Editor\Unity.exe
-adb2
-batchMode
-noUpm
-name
AssetImportWorker0
-projectPath
E:/Unity/Puzzle
-logFile
Logs/AssetImportWorker0.log
-srvPort
53097
Successfully changed project path to: E:/Unity/Puzzle
E:/Unity/Puzzle
Using Asset Import Pipeline V2.
Refreshing native plugins compatible for Editor in 30.11 ms, found 0 plugins.
Preloading 0 native plugins for Editor in 0.00 ms.
Initialize engine version: 2020.2.1f1 (270dd8c3da1c)
[Subsystems] Discovering subsystems at path C:/Program Files/Unity/Hub/Editor/2020.2.1f1/Editor/Data/Resources/UnitySubsystems
[Subsystems] Discovering subsystems at path E:/Unity/Puzzle/Assets
GfxDevice: creating device client; threaded=0
d3d11: CreateDXGIFactory2(...) not found, fallbacking to CreateDXGIFactory1(...).
d3d11: QueryInterface(IDXGIFactory5) failed (80004002).
Direct3D:
    Version:  Direct3D 11.0 [level 11.0]
    Renderer: Radeon (TM) RX 480 Graphics (ID=0x67df)
    Vendor:   
    VRAM:     8169 MB
    Driver:   27.20.2001.13001
Initialize mono
Mono path[0] = 'C:/Program Files/Unity/Hub/Editor/2020.2.1f1/Editor/Data/Managed'
Mono path[1] = 'C:/Program Files/Unity/Hub/Editor/2020.2.1f1/Editor/Data/MonoBleedingEdge/lib/mono/unityjit'
Mono config path = 'C:/Program Files/Unity/Hub/Editor/2020.2.1f1/Editor/Data/MonoBleedingEdge/etc'
Using monoOptions --debugger-agent=transport=dt_socket,embedding=1,server=y,suspend=n,address=127.0.0.1:56936
Begin MonoManager ReloadAssembly
Registering precompiled unity dll's ...
Register platform support module: C:/Program Files/Unity/Hub/Editor/2020.2.1f1/Editor/Data/PlaybackEngines/WindowsStandaloneSupport/UnityEditor.WindowsStandalone.Extensions.dll
Registered in 0.000939 seconds.
Native extension for WindowsStandalone target not found
Refreshing native plugins compatible for Editor in 30.04 ms, found 0 plugins.
Preloading 0 native plugins for Editor in 0.00 ms.
Invoked RoslynAnalysisRunner static constructor.
RoslynAnalysisRunner will not be running.
RoslynAnalysisRunner has terminated.
Mono: successfully reloaded assembly
- Completed reload, in  1.616 seconds
Platform modules already initialized, skipping
Registering precompiled user dll's ...
Registered in 0.000504 seconds.
Begin MonoManager ReloadAssembly
Native extension for WindowsStandalone target not found
Refreshing native plugins compatible for Editor in 0.26 ms, found 0 plugins.
Preloading 0 native plugins for Editor in 0.00 ms.
Invoked RoslynAnalysisRunner static constructor.
RoslynAnalysisRunner will not be running.
RoslynAnalysisRunner has terminated.
Mono: successfully reloaded assembly
- Completed reload, in  0.781 seconds
Platform modules already initialized, skipping
========================================================================
Worker process is ready to serve import requests
Launched and connected shader compiler UnityShaderCompiler.exe after 0.04 seconds
Refreshing native plugins compatible for Editor in 0.29 ms, found 0 plugins.
Preloading 0 native plugins for Editor in 0.00 ms.
Unloading 1132 Unused Serialized files (Serialized files now loaded: 0)
System memory in use before: 58.9 MB.
System memory in use after: 59.0 MB.

Unloading 9 unused Assets to reduce memory usage. Loaded Objects now: 1574.
Total: 2.267251 ms (FindLiveObjects: 0.167766 ms CreateObjectMapping: 0.077307 ms MarkObjects: 1.937814 ms  DeleteObjects: 0.082760 ms)

========================================================================
Received Import Request.
  path: Assets/Scripts/Core
  artifactKey: Guid(7e97da880216e73479c0d594b588950e) Importer(815301076,1909f56bfc062723c751e8b465ee728b)
Start importing Assets/Scripts/Core using Guid(7e97da880216e73479c0d594b588950e) Importer(815301076,1909f56bfc062723c751e8b465ee728b)  -> (artifact id: 'dfeb4c0a55e15ec706b53b6698f1cf4d') in 0.003809 seconds
  Import took 0.005854 seconds .

========================================================================
Received Prepare
Registering precompiled user dll's ...
Registered in 0.000532 seconds.
Begin MonoManager ReloadAssembly
Native extension for WindowsStandalone target not found
Refreshing native plugins compatible for Editor in 0.32 ms, found 0 plugins.
Preloading 0 native plugins for Editor in 0.00 ms.
Invoked RoslynAnalysisRunner static constructor.
RoslynAnalysisRunner will not be running.
RoslynAnalysisRunner has terminated.
Mono: successfully reloaded assembly
- Completed reload, in  0.722 seconds
Platform modules already initialized, skipping
Refreshing native plugins compatible for Editor in 0.32 ms, found 0 plugins.
Preloading 0 native plugins for Editor in 0.00 ms.
Unloading 1115 Unused Serialized files (Serialized files now loaded: 0)
System memory in use before: 58.2 MB.
System memory in use after: 58.3 MB.

Unloading 4 unused Assets to reduce memory usage. Loaded Objects now: 1576.
Total: 1.528502 ms (FindLiveObjects: 0.128952 ms CreateObjectMapping: 0.072816 ms MarkObjects: 1.313582 ms  DeleteObjects: 0.011548 ms)

========================================================================
Received Import Request.
  Time since last request: 12.328782 seconds.
  path: Assets/Scripts/Control.cs
  artifactKey: Guid(50f313163628b464ab4db6d64a466fae) Importer(815301076,1909f56bfc062723c751e8b465ee728b)
Start importing Assets/Scripts/Control.cs using Guid(50f313163628b464ab4db6d64a466fae) Importer(815301076,1909f56bfc062723c751e8b465ee728b)  -> (artifact id: 'e834ad27123d4219252dc1514962f05a') in 0.062268 seconds
  Import took 0.064054 seconds .

========================================================================
Received Prepare
Registering precompiled user dll's ...
Registered in 0.000515 seconds.
Begin MonoManager ReloadAssembly
Native extension for WindowsStandalone target not found
Refreshing native plugins compatible for Editor in 0.26 ms, found 0 plugins.
Preloading 0 native plugins for Editor in 0.00 ms.
Invoked RoslynAnalysisRunner static constructor.
RoslynAnalysisRunner will not be running.
RoslynAnalysisRunner has terminated.
Mono: successfully reloaded assembly
- Completed reload, in  0.725 seconds
Platform modules already initialized, skipping
Refreshing native plugins compatible for Editor in 0.31 ms, found 0 plugins.
Preloading 0 native plugins for Editor in 0.00 ms.
Unloading 1116 Unused Serialized files (Serialized files now loaded: 0)
System memory in use before: 58.5 MB.
System memory in use after: 58.6 MB.

Unloading 4 unused Assets to reduce memory usage. Loaded Objects now: 1578.
Total: 1.739573 ms (FindLiveObjects: 0.185409 ms CreateObjectMapping: 0.113876 ms MarkObjects: 1.405965 ms  DeleteObjects: 0.033361 ms)

========================================================================
Received Prepare
Registering precompiled user dll's ...
Registered in 0.000502 seconds.
Begin MonoManager ReloadAssembly
Native extension for WindowsStandalone target not found
Refreshing native plugins compatible for Editor in 0.27 ms, found 0 plugins.
Preloading 0 native plugins for Editor in 0.00 ms.
Invoked RoslynAnalysisRunner static constructor.
RoslynAnalysisRunner will not be running.
RoslynAnalysisRunner has terminated.
Mono: successfully reloaded assembly
- Completed reload, in  0.767 seconds
Platform modules already initialized, skipping
Refreshing native plugins compatible for Editor in 0.34 ms, found 0 plugins.
Preloading 0 native plugins for Editor in 0.00 ms.
Unloading 1116 Unused Serialized files (Serialized files now loaded: 0)
System memory in use before: 58.8 MB.
System memory in use after: 58.9 MB.

Unloading 4 unused Assets to reduce memory usage. Loaded Objects now: 1580.
Total: 1.843826 ms (FindLiveObjects: 0.218770 ms CreateObjectMapping: 0.050683 ms MarkObjects: 1.558976 ms  DeleteObjects: 0.013473 ms)

========================================================================
Received Prepare
Registering precompiled user dll's ...
Registered in 0.000514 seconds.
Begin MonoManager ReloadAssembly
Native extension for WindowsStandalone target not found
Refreshing native plugins compatible for Editor in 0.36 ms, found 0 plugins.
Preloading 0 native plugins for Editor in 0.00 ms.
Invoked RoslynAnalysisRunner static constructor.
RoslynAnalysisRunner will not be running.
RoslynAnalysisRunner has terminated.
Mono: successfully reloaded assembly
- Completed reload, in  0.730 seconds
Platform modules already initialized, skipping
Refreshing native plugins compatible for Editor in 0.26 ms, found 0 plugins.
Preloading 0 native plugins for Editor in 0.00 ms.
Unloading 1115 Unused Serialized files (Serialized files now loaded: 0)
System memory in use before: 58.8 MB.
System memory in use after: 58.9 MB.

Unloading 4 unused Assets to reduce memory usage. Loaded Objects now: 1582.
Total: 1.894509 ms (FindLiveObjects: 0.215241 ms CreateObjectMapping: 0.044267 ms MarkObjects: 1.620244 ms  DeleteObjects: 0.013473 ms)

========================================================================
Received Import Request.
  Time since last request: 31.161203 seconds.
  path: Assets/Scripts/Menagement
  artifactKey: Guid(5bcfc401b595c4a4dbd075359e217faf) Importer(815301076,1909f56bfc062723c751e8b465ee728b)
Start importing Assets/Scripts/Menagement using Guid(5bcfc401b595c4a4dbd075359e217faf) Importer(815301076,1909f56bfc062723c751e8b465ee728b)  -> (artifact id: '18ddce0b378bc34fdccb75a2d16fc8b7') in 0.004382 seconds
  Import took 0.006462 seconds .

========================================================================
Received Prepare
Registering precompiled user dll's ...
Registered in 0.000494 seconds.
Begin MonoManager ReloadAssembly
Native extension for WindowsStandalone target not found
Refreshing native plugins compatible for Editor in 0.26 ms, found 0 plugins.
Preloading 0 native plugins for Editor in 0.00 ms.
Invoked RoslynAnalysisRunner static constructor.
RoslynAnalysisRunner will not be running.
RoslynAnalysisRunner has terminated.
Mono: successfully reloaded assembly
- Completed reload, in  0.734 seconds
Platform modules already initialized, skipping
Refreshing native plugins compatible for Editor in 0.26 ms, found 0 plugins.
Preloading 0 native plugins for Editor in 0.00 ms.
Unloading 1115 Unused Serialized files (Serialized files now loaded: 0)
System memory in use before: 59.3 MB.
System memory in use after: 59.4 MB.

Unloading 4 unused Assets to reduce memory usage. Loaded Objects now: 1584.
Total: 1.779029 ms (FindLiveObjects: 0.176107 ms CreateObjectMapping: 0.039135 ms MarkObjects: 1.548070 ms  DeleteObjects: 0.014435 ms)

========================================================================
Received Prepare
Registering precompiled user dll's ...
Registered in 0.000643 seconds.
Begin MonoManager ReloadAssembly
Native extension for WindowsStandalone target not found
Refreshing native plugins compatible for Editor in 0.26 ms, found 0 plugins.
Preloading 0 native plugins for Editor in 0.00 ms.
Invoked RoslynAnalysisRunner static constructor.
RoslynAnalysisRunner will not be running.
RoslynAnalysisRunner has terminated.
Mono: successfully reloaded assembly
- Completed reload, in  0.757 seconds
Platform modules already initialized, skipping
Refreshing native plugins compatible for Editor in 0.30 ms, found 0 plugins.
Preloading 0 native plugins for Editor in 0.00 ms.
Unloading 1114 Unused Serialized files (Serialized files now loaded: 0)
System memory in use before: 59.6 MB.
System memory in use after: 59.7 MB.

Unloading 4 unused Assets to reduce memory usage. Loaded Objects now: 1586.
Total: 1.575656 ms (FindLiveObjects: 0.236733 ms CreateObjectMapping: 0.042984 ms MarkObjects: 1.282787 ms  DeleteObjects: 0.012190 ms)

========================================================================
Received Import Request.
  Time since last request: 23.926551 seconds.
  path: Assets/Scripts/Core/PuzzleMover.cs
  artifactKey: Guid(a2c64414aff406342972822f6aa31160) Importer(815301076,1909f56bfc062723c751e8b465ee728b)
Start importing Assets/Scripts/Core/PuzzleMover.cs using Guid(a2c64414aff406342972822f6aa31160) Importer(815301076,1909f56bfc062723c751e8b465ee728b)  -> (artifact id: 'fdc0bfed65d689612413aa7406f54767') in 0.003027 seconds
  Import took 0.004945 seconds .

========================================================================
Received Import Request.
  Time since last request: 0.002730 seconds.
  path: Assets/Scripts/Core/PuzzleMover.cs
  artifactKey: Guid(a2c64414aff406342972822f6aa31160) Importer(815301076,1909f56bfc062723c751e8b465ee728b)
Start importing Assets/Scripts/Core/PuzzleMover.cs using Guid(a2c64414aff406342972822f6aa31160) Importer(815301076,1909f56bfc062723c751e8b465ee728b)  -> (artifact id: 'fdc0bfed65d689612413aa7406f54767') in 0.001034 seconds
  Import took 0.002743 seconds .

========================================================================
Received Import Request.
  Time since last request: 90.746012 seconds.
  path: Assets/Scenes/Level 2.unity
  artifactKey: Guid(9ebe04dc86f4c004f8bafa62f77cfbe2) Importer(815301076,1909f56bfc062723c751e8b465ee728b)
Start importing Assets/Scenes/Level 2.unity using Guid(9ebe04dc86f4c004f8bafa62f77cfbe2) Importer(815301076,1909f56bfc062723c751e8b465ee728b)  -> (artifact id: 'e8210a45db2cfc24882f813f608c05bc') in 0.010414 seconds
  Import took 0.012701 seconds .

========================================================================
Received Import Request.
  Time since last request: 71.174139 seconds.
  path: Assets/Rabbit Pieces/Rabbit Black 1.png
  artifactKey: Guid(f050b9de0f1a3834390ace51542a5dbf) Importer(815301076,1909f56bfc062723c751e8b465ee728b)
Start importing Assets/Rabbit Pieces/Rabbit Black 1.png using Guid(f050b9de0f1a3834390ace51542a5dbf) Importer(815301076,1909f56bfc062723c751e8b465ee728b)  -> (artifact id: 'aa1962891766028bc53d369a54c3e6a7') in 0.078836 seconds
  Import took 0.081171 seconds .

========================================================================
Received Import Request.
  Time since last request: 17.120361 seconds.
  path: Assets/Scenes/Level 1.unity
  artifactKey: Guid(9fc0d4010bbf28b4594072e72b8655ab) Importer(815301076,1909f56bfc062723c751e8b465ee728b)
Start importing Assets/Scenes/Level 1.unity using Guid(9fc0d4010bbf28b4594072e72b8655ab) Importer(815301076,1909f56bfc062723c751e8b465ee728b)  -> (artifact id: 'c8d0fb052cd37e7ed37c162a29f6f2b9') in 0.001889 seconds
  Import took 0.004015 seconds .

========================================================================
Received Import Request.
  Time since last request: 107.346270 seconds.
  path: Assets/Rabbit Pieces/Rabbit_body.png
  artifactKey: Guid(eb4e1e71854ccd54aa3b6142dbbdd0c3) Importer(815301076,1909f56bfc062723c751e8b465ee728b)
Start importing Assets/Rabbit Pieces/Rabbit_body.png using Guid(eb4e1e71854ccd54aa3b6142dbbdd0c3) Importer(815301076,1909f56bfc062723c751e8b465ee728b)  -> (artifact id: 'd87524a97af91ca2469406eb92e9bf63') in 0.009456 seconds
  Import took 0.011693 seconds .

========================================================================
Received Import Request.
  Time since last request: 133.565433 seconds.
  path: Assets/Scenes/Level 2.unity
  artifactKey: Guid(9ebe04dc86f4c004f8bafa62f77cfbe2) Importer(815301076,1909f56bfc062723c751e8b465ee728b)
Start importing Assets/Scenes/Level 2.unity using Guid(9ebe04dc86f4c004f8bafa62f77cfbe2) Importer(815301076,1909f56bfc062723c751e8b465ee728b)  -> (artifact id: '98a81e66dbbf47d65199c23410e3035a') in 0.001942 seconds
  Import took 0.004421 seconds .

========================================================================
Received Import Request.
  Time since last request: 521.935416 seconds.
  path: Assets/Rabbit Pieces/Rabbit_bottom_left.png
  artifactKey: Guid(231f93b64dc1946429d5de352946a322) Importer(815301076,1909f56bfc062723c751e8b465ee728b)
Start importing Assets/Rabbit Pieces/Rabbit_bottom_left.png using Guid(231f93b64dc1946429d5de352946a322) Importer(815301076,1909f56bfc062723c751e8b465ee728b)  -> (artifact id: '3039abc921804e24c230d56949a2fa39') in 0.009846 seconds
  Import took 0.012516 seconds .

========================================================================
Received Import Request.
  Time since last request: 862.787799 seconds.
  path: Assets/Scenes/Level Menu.unity
  artifactKey: Guid(0f781b2d0b05adb458ead386bcb6bc3e) Importer(815301076,1909f56bfc062723c751e8b465ee728b)
Start importing Assets/Scenes/Level Menu.unity using Guid(0f781b2d0b05adb458ead386bcb6bc3e) Importer(815301076,1909f56bfc062723c751e8b465ee728b)  -> (artifact id: 'fb84e6ce9e81347600347eb4e6d94eb5') in 0.002329 seconds
  Import took 0.004897 seconds .

========================================================================
Received Import Request.
  Time since last request: 4.876358 seconds.
  path: Assets/Scenes/StartMenu.unity
  artifactKey: Guid(dc23ceb665a021b469f707538591b164) Importer(815301076,1909f56bfc062723c751e8b465ee728b)
Start importing Assets/Scenes/StartMenu.unity using Guid(dc23ceb665a021b469f707538591b164) Importer(815301076,1909f56bfc062723c751e8b465ee728b)  -> (artifact id: '2a6a42c519ef9d6f3a41786042fb0062') in 0.001801 seconds
  Import took 0.003875 seconds .

========================================================================
Received Import Request.
  Time since last request: 7.887461 seconds.
  path: Assets/Scenes/Level 2.unity
  artifactKey: Guid(9ebe04dc86f4c004f8bafa62f77cfbe2) Importer(815301076,1909f56bfc062723c751e8b465ee728b)
Start importing Assets/Scenes/Level 2.unity using Guid(9ebe04dc86f4c004f8bafa62f77cfbe2) Importer(815301076,1909f56bfc062723c751e8b465ee728b)  -> (artifact id: 'b77bbc4c9cd93383c8c77c3f27dafa81') in 0.002050 seconds
  Import took 0.004365 seconds .

========================================================================
Received Prepare
Refreshing native plugins compatible for Editor in 0.65 ms, found 0 plugins.
Preloading 0 native plugins for Editor in 0.00 ms.
Unloading 6 Unused Serialized files (Serialized files now loaded: 0)
System memory in use before: 40.9 MB.
System memory in use after: 41.0 MB.

Unloading 2 unused Assets to reduce memory usage. Loaded Objects now: 1592.
Total: 2.540553 ms (FindLiveObjects: 0.249244 ms CreateObjectMapping: 0.060948 ms MarkObjects: 2.200530 ms  DeleteObjects: 0.027908 ms)

========================================================================
Received Prepare
Registering precompiled user dll's ...
Registered in 0.000701 seconds.
Begin MonoManager ReloadAssembly
Native extension for WindowsStandalone target not found
Refreshing native plugins compatible for Editor in 0.26 ms, found 0 plugins.
Preloading 0 native plugins for Editor in 0.00 ms.
Invoked RoslynAnalysisRunner static constructor.
RoslynAnalysisRunner will not be running.
RoslynAnalysisRunner has terminated.
Mono: successfully reloaded assembly
- Completed reload, in  0.821 seconds
Platform modules already initialized, skipping
Refreshing native plugins compatible for Editor in 0.31 ms, found 0 plugins.
Preloading 0 native plugins for Editor in 0.00 ms.
Unloading 1113 Unused Serialized files (Serialized files now loaded: 0)
System memory in use before: 62.9 MB.
System memory in use after: 63.0 MB.

Unloading 4 unused Assets to reduce memory usage. Loaded Objects now: 1594.
Total: 1.825862 ms (FindLiveObjects: 0.169370 ms CreateObjectMapping: 0.043626 ms MarkObjects: 1.595224 ms  DeleteObjects: 0.016039 ms)

========================================================================
Received Prepare
Registering precompiled user dll's ...
Registered in 0.000553 seconds.
Begin MonoManager ReloadAssembly
Native extension for WindowsStandalone target not found
Refreshing native plugins compatible for Editor in 0.31 ms, found 0 plugins.
Preloading 0 native plugins for Editor in 0.00 ms.
Invoked RoslynAnalysisRunner static constructor.
RoslynAnalysisRunner will not be running.
RoslynAnalysisRunner has terminated.
Mono: successfully reloaded assembly
- Completed reload, in  8.269 seconds
Platform modules already initialized, skipping
Refreshing native plugins compatible for Editor in 0.25 ms, found 0 plugins.
Preloading 0 native plugins for Editor in 0.00 ms.
Unloading 1114 Unused Serialized files (Serialized files now loaded: 0)
System memory in use before: 62.4 MB.
System memory in use after: 62.5 MB.

Unloading 4 unused Assets to reduce memory usage. Loaded Objects now: 1596.
Total: 2.397487 ms (FindLiveObjects: 0.132481 ms CreateObjectMapping: 0.047154 ms MarkObjects: 2.171660 ms  DeleteObjects: 0.044267 ms)

========================================================================
Received Prepare
Registering precompiled user dll's ...
Registered in 0.000604 seconds.
Begin MonoManager ReloadAssembly
Native extension for WindowsStandalone target not found
Refreshing native plugins compatible for Editor in 0.28 ms, found 0 plugins.
Preloading 0 native plugins for Editor in 0.00 ms.
Invoked RoslynAnalysisRunner static constructor.
RoslynAnalysisRunner will not be running.
RoslynAnalysisRunner has terminated.
Mono: successfully reloaded assembly
- Completed reload, in  0.848 seconds
Platform modules already initialized, skipping
Refreshing native plugins compatible for Editor in 0.26 ms, found 0 plugins.
Preloading 0 native plugins for Editor in 0.00 ms.
Unloading 1114 Unused Serialized files (Serialized files now loaded: 0)
System memory in use before: 62.6 MB.
System memory in use after: 62.7 MB.

Unloading 4 unused Assets to reduce memory usage. Loaded Objects now: 1598.
Total: 1.506369 ms (FindLiveObjects: 0.147878 ms CreateObjectMapping: 0.054211 ms MarkObjects: 1.276692 ms  DeleteObjects: 0.026624 ms)

